mars 05, 2021 4:02:20 PM sample.Main$2 handle
INFO: 
Pointing device : touchpad
i = 1
T = 787
D = 639.1118837887464
W = 67
ID = 3.3976637966921963

i = 2
T = 734
D = 585.322133529905
W = 134
ID = 2.42440499580679

i = 3
T = 1283
D = 424.85291572496004
W = 172
ID = 1.794966882645934

i = 4
T = 1194
D = 535.3503525729669
W = 18
ID = 4.942124397314833

i = 5
T = 1544
D = 929.8779489804025
W = 12
ID = 6.2944338127888395

----------------------------------------------

mars 06, 2021 2:15:04 PM sample.Main$2 handle
INFO: 
Pointing device : touchpad
i = 1
T = 755
D = 528.365403863652
W = 166
ID = 2.0645118270083995

i = 2
T = 992
D = 381.3712102401019
W = 33
ID = 3.650385841088705

i = 3
T = 726
D = 465.3987537585377
W = 179
ID = 1.847994116443038

i = 4
T = 1076
D = 331.0619277416236
W = 26
ID = 3.779590784256661

i = 5
T = 726
D = 737.8624533068477
W = 199
ID = 2.2350688214929644

----------------------------------------------

